[ 2022-09-01 15:58:41,873 ] Asset loading complete
[ 2022-09-01 15:59:15,718 ] BattlEye: "Initialized (v1.246)"
[ 2022-09-01 15:59:15,768 ] Request connection to gameserver  "tcp://prod-cf-sa.tibia.com:7171"  (unprotected:  "tcp://prod-lb-sa.tibia.com:7171" )  requested (Charakter "Mazgrim" )
[ 2022-09-01 15:59:15,768 ] Request connection to gameserver  "tcp://prod-cf-sa.tibia.com:7171" "Descubra"
[ 2022-09-01 15:59:15,789 ] Connected to gameserver  "tcp://prod-cf-sa.tibia.com:7171" "Descubra"
[ 2022-09-01 15:59:16,209 ] Request connection to gameserver  "tcp://prod-lb-sa.tibia.com:7171" "Descubra"
[ 2022-09-01 15:59:16,273 ] Backup connection to gameserver  "tcp://prod-lb-sa.tibia.com:7171" "Descubra" established
[ 2022-09-01 15:59:19,727 ] BattlEye: "Server computed GUID: faf876b903ccb992d5735b0efe30b143"
[ 2022-09-01 15:59:31,088 ] Connection to gameserver  "tcp://prod-lb-sa.tibia.com:7171" "Descubra"  was disconnected ( "The remote host closed the connection" )
[ 2022-09-01 15:59:31,088 ] Connection to gameserver  "tcp://prod-cf-sa.tibia.com:7171" "Descubra"  was disconnected ( "The remote host closed the connection" )
[ 2022-09-01 15:59:31,150 ] Disconnected from gameserver
[ 2022-09-02 11:49:19,217 ] Asset loading complete
[ 2022-09-02 11:49:52,388 ] BattlEye: "Initialized (v1.246)"
[ 2022-09-02 11:49:52,439 ] Request connection to gameserver  "tcp://prod-cf-sa.tibia.com:7171"  (unprotected:  "tcp://prod-lb-sa.tibia.com:7171" )  requested (Charakter "Mazgrim" )
[ 2022-09-02 11:49:52,439 ] Request connection to gameserver  "tcp://prod-cf-sa.tibia.com:7171" "Descubra"
[ 2022-09-02 11:49:52,455 ] Connected to gameserver  "tcp://prod-cf-sa.tibia.com:7171" "Descubra"
[ 2022-09-02 11:49:52,895 ] Request connection to gameserver  "tcp://prod-lb-sa.tibia.com:7171" "Descubra"
[ 2022-09-02 11:49:52,958 ] Backup connection to gameserver  "tcp://prod-lb-sa.tibia.com:7171" "Descubra" established
[ 2022-09-02 11:49:55,394 ] BattlEye: "Server computed GUID: faf876b903ccb992d5735b0efe30b143"
[ 2022-09-02 12:06:12,256 ] Connection to gameserver  "tcp://prod-cf-sa.tibia.com:7171" "Descubra"  was disconnected ( "The remote host closed the connection" )
[ 2022-09-02 12:06:12,256 ] Connection to gameserver  "tcp://prod-lb-sa.tibia.com:7171" "Descubra"  was disconnected ( "The remote host closed the connection" )
[ 2022-09-02 12:06:12,313 ] Disconnected from gameserver
[ 2022-09-02 12:26:51,969 ] BattlEye: "Initialized (v1.246)"
[ 2022-09-02 12:26:52,019 ] Request connection to gameserver  "tcp://prod-cf-sa.tibia.com:7171"  (unprotected:  "tcp://prod-lb-sa.tibia.com:7171" )  requested (Charakter "Mazgrim" )
[ 2022-09-02 12:26:52,019 ] Request connection to gameserver  "tcp://prod-cf-sa.tibia.com:7171" "Descubra"
[ 2022-09-02 12:26:52,040 ] Connected to gameserver  "tcp://prod-cf-sa.tibia.com:7171" "Descubra"
[ 2022-09-02 12:26:52,495 ] Request connection to gameserver  "tcp://prod-lb-sa.tibia.com:7171" "Descubra"
[ 2022-09-02 12:26:52,543 ] Backup connection to gameserver  "tcp://prod-lb-sa.tibia.com:7171" "Descubra" established
[ 2022-09-02 12:26:55,963 ] BattlEye: "Server computed GUID: faf876b903ccb992d5735b0efe30b143"
[ 2022-09-02 12:43:09,156 ] Connection to gameserver  "tcp://prod-lb-sa.tibia.com:7171" "Descubra"  was disconnected ( "The remote host closed the connection" )
[ 2022-09-02 12:43:09,156 ] Connection to gameserver  "tcp://prod-cf-sa.tibia.com:7171" "Descubra"  was disconnected ( "The remote host closed the connection" )
[ 2022-09-02 12:43:09,213 ] Disconnected from gameserver
[ 2022-09-18 12:39:47,026 ] Asset loading complete
[ 2022-09-18 12:41:07,047 ] BattlEye: "Initialized (v1.246)"
[ 2022-09-18 12:41:07,097 ] Request connection to gameserver  "tcp://prod-cf-sa.tibia.com:7171"  (unprotected:  "tcp://prod-lb-sa.tibia.com:7171" )  requested (Charakter "Mazgrim" )
[ 2022-09-18 12:41:07,097 ] Request connection to gameserver  "tcp://prod-cf-sa.tibia.com:7171" "Descubra"
[ 2022-09-18 12:41:07,133 ] Connected to gameserver  "tcp://prod-cf-sa.tibia.com:7171" "Descubra"
[ 2022-09-18 12:41:07,535 ] Request connection to gameserver  "tcp://prod-lb-sa.tibia.com:7171" "Descubra"
[ 2022-09-18 12:41:08,085 ] Backup connection to gameserver  "tcp://prod-lb-sa.tibia.com:7171" "Descubra" established
[ 2022-09-18 12:41:10,052 ] BattlEye: "Server computed GUID: faf876b903ccb992d5735b0efe30b143"
[ 2022-09-18 12:57:12,619 ] Connection to gameserver  "tcp://prod-cf-sa.tibia.com:7171" "Descubra"  was disconnected ( "The remote host closed the connection" )
[ 2022-09-18 12:57:12,619 ] Connection to gameserver  "tcp://prod-lb-sa.tibia.com:7171" "Descubra"  was disconnected ( "The remote host closed the connection" )
[ 2022-09-18 12:57:12,686 ] Disconnected from gameserver
[ 2022-09-28 13:32:56,218 ] Asset loading complete
[ 2022-09-28 13:55:05,568 ] Using spritesheet cache size of 600
[ 2022-09-28 13:55:06,157 ] Asset loading complete
[ 2022-09-28 13:55:09,779 ] All sound assets loaded
[ 2022-09-28 13:56:00,380 ] BattlEye: "Initialized (v1.246)"
[ 2022-09-28 13:56:00,431 ] Request connection to gameserver  "tcp://prod-cf-sa.tibia.com:7171"  (unprotected:  "tcp://prod-lb-sa.tibia.com:7171" )  requested (Charakter "Mazgrim" )
[ 2022-09-28 13:56:00,431 ] Request connection to gameserver  "tcp://prod-cf-sa.tibia.com:7171" "Descubra"
[ 2022-09-28 13:56:00,448 ] Connected to gameserver  "tcp://prod-cf-sa.tibia.com:7171" "Descubra"
[ 2022-09-28 13:56:00,921 ] Request connection to gameserver  "tcp://prod-lb-sa.tibia.com:7171" "Descubra"
[ 2022-09-28 13:56:01,084 ] Backup connection to gameserver  "tcp://prod-lb-sa.tibia.com:7171" "Descubra" established
[ 2022-09-28 13:56:04,388 ] BattlEye: "Server computed GUID: faf876b903ccb992d5735b0efe30b143"
[ 2022-09-28 13:56:40,555 ] Connection to gameserver  "tcp://prod-cf-sa.tibia.com:7171" "Descubra"  was disconnected ( "The remote host closed the connection" )
[ 2022-09-28 13:56:40,555 ] Connection to gameserver  "tcp://prod-lb-sa.tibia.com:7171" "Descubra"  was disconnected ( "The remote host closed the connection" )
[ 2022-09-28 13:56:40,610 ] Disconnected from gameserver
[ 2022-09-28 13:56:43,477 ] BattlEye: "Initialized (v1.246)"
[ 2022-09-28 13:56:43,529 ] Request connection to gameserver  "tcp://prod-cf-sa.tibia.com:7171"  (unprotected:  "tcp://prod-lb-sa.tibia.com:7171" )  requested (Charakter "Mino Sorcerer" )
[ 2022-09-28 13:56:43,529 ] Request connection to gameserver  "tcp://prod-cf-sa.tibia.com:7171" "Kalibra"
[ 2022-09-28 13:56:43,540 ] Connected to gameserver  "tcp://prod-cf-sa.tibia.com:7171" "Kalibra"
[ 2022-09-28 13:56:43,995 ] Request connection to gameserver  "tcp://prod-lb-sa.tibia.com:7171" "Kalibra"
[ 2022-09-28 13:56:44,009 ] Backup connection to gameserver  "tcp://prod-lb-sa.tibia.com:7171" "Kalibra" established
[ 2022-09-28 13:56:46,561 ] Connection to gameserver  "tcp://prod-cf-sa.tibia.com:7171" "Kalibra"  was disconnected ( "The remote host closed the connection" )
[ 2022-09-28 13:56:46,561 ] Connection to gameserver  "tcp://prod-lb-sa.tibia.com:7171" "Kalibra"  was disconnected ( "The remote host closed the connection" )
[ 2022-09-28 13:56:46,612 ] Disconnected from gameserver
[ 2022-10-03 19:12:13,125 ] Using spritesheet cache size of 600
[ 2022-10-03 19:12:14,146 ] Asset loading complete
[ 2022-10-03 19:12:16,932 ] All sound assets loaded
[ 2022-10-03 19:13:02,301 ] BattlEye: "Initialized (v1.246)"
[ 2022-10-03 19:13:02,356 ] Request connection to gameserver  "tcp://prod-cf-sa.tibia.com:7171"  (unprotected:  "tcp://prod-lb-sa.tibia.com:7171" )  requested (Charakter "Mazgrim" )
[ 2022-10-03 19:13:02,356 ] Request connection to gameserver  "tcp://prod-cf-sa.tibia.com:7171" "Descubra"
[ 2022-10-03 19:13:02,379 ] Connected to gameserver  "tcp://prod-cf-sa.tibia.com:7171" "Descubra"
[ 2022-10-03 19:13:02,831 ] Request connection to gameserver  "tcp://prod-lb-sa.tibia.com:7171" "Descubra"
[ 2022-10-03 19:13:02,879 ] Backup connection to gameserver  "tcp://prod-lb-sa.tibia.com:7171" "Descubra" established
[ 2022-10-03 19:13:05,315 ] BattlEye: "Server computed GUID: faf876b903ccb992d5735b0efe30b143"
[ 2022-10-07 16:17:05,259 ] Using spritesheet cache size of 600
[ 2022-10-07 16:17:05,973 ] Asset loading complete
[ 2022-10-07 16:17:08,197 ] All sound assets loaded
[ 2022-10-07 16:17:57,938 ] BattlEye: "Initialized (v1.246)"
[ 2022-10-07 16:17:57,997 ] Request connection to gameserver  "tcp://prod-cf-sa.tibia.com:7171"  (unprotected:  "tcp://prod-lb-sa.tibia.com:7171" )  requested (Charakter "Mazgrim" )
[ 2022-10-07 16:17:57,998 ] Request connection to gameserver  "tcp://prod-cf-sa.tibia.com:7171" "Descubra"
[ 2022-10-07 16:17:58,028 ] Connected to gameserver  "tcp://prod-cf-sa.tibia.com:7171" "Descubra"
[ 2022-10-07 16:17:58,381 ] Request connection to gameserver  "tcp://prod-lb-sa.tibia.com:7171" "Descubra"
[ 2022-10-07 16:17:58,430 ] Backup connection to gameserver  "tcp://prod-lb-sa.tibia.com:7171" "Descubra" established
[ 2022-10-07 16:18:00,948 ] BattlEye: "Server computed GUID: faf876b903ccb992d5735b0efe30b143"
[ 2022-10-07 16:21:28,801 ] Connection to gameserver  "tcp://prod-cf-sa.tibia.com:7171" "Descubra"  was disconnected ( "The remote host closed the connection" )
[ 2022-10-07 16:21:28,801 ] Connection to gameserver  "tcp://prod-lb-sa.tibia.com:7171" "Descubra"  was disconnected ( "The remote host closed the connection" )
[ 2022-10-07 16:21:28,856 ] Disconnected from gameserver
[ 2022-10-09 12:26:56,372 ] Using spritesheet cache size of 600
[ 2022-10-09 12:26:57,270 ] Asset loading complete
[ 2022-10-09 12:27:01,703 ] All sound assets loaded
[ 2022-10-09 12:27:22,172 ] BattlEye: "Initialized (v1.246)"
[ 2022-10-09 12:27:22,225 ] Request connection to gameserver  "tcp://prod-cf-sa.tibia.com:7171"  (unprotected:  "tcp://prod-lb-sa.tibia.com:7171" )  requested (Charakter "Aeryn Nyx" )
[ 2022-10-09 12:27:22,225 ] Request connection to gameserver  "tcp://prod-cf-sa.tibia.com:7171" "Kalibra"
[ 2022-10-09 12:27:22,249 ] Connected to gameserver  "tcp://prod-cf-sa.tibia.com:7171" "Kalibra"
[ 2022-10-09 12:27:22,636 ] Request connection to gameserver  "tcp://prod-lb-sa.tibia.com:7171" "Kalibra"
[ 2022-10-09 12:27:22,751 ] Backup connection to gameserver  "tcp://prod-lb-sa.tibia.com:7171" "Kalibra" established
[ 2022-10-09 12:27:27,188 ] BattlEye: "Server computed GUID: 1749476351159263cd4e01b3f35dd9e6"
[ 2022-10-09 12:27:34,245 ] Connection to gameserver  "tcp://prod-cf-sa.tibia.com:7171" "Kalibra"  was disconnected ( "The remote host closed the connection" )
[ 2022-10-09 12:27:34,245 ] Connection to gameserver  "tcp://prod-lb-sa.tibia.com:7171" "Kalibra"  was disconnected ( "The remote host closed the connection" )
[ 2022-10-09 12:27:34,297 ] Disconnected from gameserver
[ 2022-10-09 12:27:44,899 ] BattlEye: "Initialized (v1.246)"
[ 2022-10-09 12:27:44,950 ] Request connection to gameserver  "tcp://prod-cf-sa.tibia.com:7171"  (unprotected:  "tcp://prod-lb-sa.tibia.com:7171" )  requested (Charakter "Mazgrim" )
[ 2022-10-09 12:27:44,950 ] Request connection to gameserver  "tcp://prod-cf-sa.tibia.com:7171" "Descubra"
[ 2022-10-09 12:27:44,971 ] Connected to gameserver  "tcp://prod-cf-sa.tibia.com:7171" "Descubra"
[ 2022-10-09 12:27:45,326 ] Request connection to gameserver  "tcp://prod-lb-sa.tibia.com:7171" "Descubra"
[ 2022-10-09 12:27:45,340 ] Backup connection to gameserver  "tcp://prod-lb-sa.tibia.com:7171" "Descubra" established
[ 2022-10-09 12:27:48,894 ] BattlEye: "Server computed GUID: faf876b903ccb992d5735b0efe30b143"
[ 2022-10-09 12:28:09,496 ] Connection to gameserver  "tcp://prod-cf-sa.tibia.com:7171" "Descubra"  was disconnected ( "The remote host closed the connection" )
[ 2022-10-09 12:28:09,496 ] Connection to gameserver  "tcp://prod-lb-sa.tibia.com:7171" "Descubra"  was disconnected ( "The remote host closed the connection" )
[ 2022-10-09 12:28:09,548 ] Disconnected from gameserver
[ 2022-10-10 13:34:28,942 ] Using spritesheet cache size of 600
[ 2022-10-10 13:34:29,863 ] Asset loading complete
[ 2022-10-10 13:34:34,752 ] All sound assets loaded
[ 2022-10-10 13:34:58,666 ] BattlEye: "Initialized (v1.246)"
[ 2022-10-10 13:34:58,719 ] Request connection to gameserver  "tcp://prod-cf-sa.tibia.com:7171"  (unprotected:  "tcp://prod-lb-sa.tibia.com:7171" )  requested (Charakter "Mazgrim" )
[ 2022-10-10 13:34:58,719 ] Request connection to gameserver  "tcp://prod-cf-sa.tibia.com:7171" "Descubra"
[ 2022-10-10 13:34:58,732 ] Connected to gameserver  "tcp://prod-cf-sa.tibia.com:7171" "Descubra"
[ 2022-10-10 13:34:59,121 ] Request connection to gameserver  "tcp://prod-lb-sa.tibia.com:7171" "Descubra"
[ 2022-10-10 13:34:59,351 ] Backup connection to gameserver  "tcp://prod-lb-sa.tibia.com:7171" "Descubra" established
[ 2022-10-10 13:35:02,671 ] BattlEye: "Server computed GUID: faf876b903ccb992d5735b0efe30b143"
[ 2022-10-10 13:51:01,934 ] Connection to gameserver  "tcp://prod-lb-sa.tibia.com:7171" "Descubra"  was disconnected ( "The remote host closed the connection" )
[ 2022-10-10 13:51:01,934 ] Connection to gameserver  "tcp://prod-cf-sa.tibia.com:7171" "Descubra"  was disconnected ( "The remote host closed the connection" )
[ 2022-10-10 13:51:01,997 ] Disconnected from gameserver
[ 2022-10-11 14:30:51,489 ] Using spritesheet cache size of 600
[ 2022-10-11 14:30:52,345 ] Asset loading complete
[ 2022-10-11 14:30:54,454 ] All sound assets loaded
[ 2022-10-11 14:32:16,092 ] BattlEye: "Initialized (v1.246)"
[ 2022-10-11 14:32:16,150 ] Request connection to gameserver  "tcp://prod-cf-sa.tibia.com:7171"  (unprotected:  "tcp://prod-lb-sa.tibia.com:7171" )  requested (Charakter "Mazgrim" )
[ 2022-10-11 14:32:16,150 ] Request connection to gameserver  "tcp://prod-cf-sa.tibia.com:7171" "Descubra"
[ 2022-10-11 14:32:16,170 ] Connected to gameserver  "tcp://prod-cf-sa.tibia.com:7171" "Descubra"
[ 2022-10-11 14:32:16,527 ] Request connection to gameserver  "tcp://prod-lb-sa.tibia.com:7171" "Descubra"
[ 2022-10-11 14:32:17,013 ] Backup connection to gameserver  "tcp://prod-lb-sa.tibia.com:7171" "Descubra" established
[ 2022-10-11 14:32:20,124 ] BattlEye: "Server computed GUID: faf876b903ccb992d5735b0efe30b143"
[ 2022-10-11 14:32:39,730 ] Using spritesheet cache size of 600
[ 2022-10-11 14:32:40,469 ] Asset loading complete
[ 2022-10-11 14:32:42,626 ] All sound assets loaded
[ 2022-10-11 14:33:19,502 ] BattlEye: "Initialized (v1.246)"
[ 2022-10-11 14:33:19,556 ] Request connection to gameserver  "tcp://prod-cf-sa.tibia.com:7171"  (unprotected:  "tcp://prod-lb-sa.tibia.com:7171" )  requested (Charakter "Mazgrim" )
[ 2022-10-11 14:33:19,556 ] Request connection to gameserver  "tcp://prod-cf-sa.tibia.com:7171" "Descubra"
[ 2022-10-11 14:33:19,581 ] Connected to gameserver  "tcp://prod-cf-sa.tibia.com:7171" "Descubra"
[ 2022-10-11 14:33:19,969 ] Request connection to gameserver  "tcp://prod-lb-sa.tibia.com:7171" "Descubra"
[ 2022-10-11 14:33:20,144 ] Backup connection to gameserver  "tcp://prod-lb-sa.tibia.com:7171" "Descubra" established
[ 2022-10-11 14:33:22,502 ] BattlEye: "Server computed GUID: faf876b903ccb992d5735b0efe30b143"
[ 2022-10-28 15:37:39,720 ] Using spritesheet cache size of 910
[ 2022-10-28 15:37:40,480 ] Asset loading complete
[ 2022-10-28 15:37:42,357 ] All sound assets loaded
[ 2022-10-28 15:38:27,603 ] BattlEye: "Initialized (v1.246)"
[ 2022-10-28 15:38:27,666 ] Request connection to gameserver  "tcp://prod-cf-sa.tibia.com:7171"  (unprotected:  "tcp://prod-lb-sa.tibia.com:7171" )  requested (Charakter "Mazgrim" )
[ 2022-10-28 15:38:27,666 ] Request connection to gameserver  "tcp://prod-cf-sa.tibia.com:7171" "Descubra"
[ 2022-10-28 15:38:27,678 ] Connected to gameserver  "tcp://prod-cf-sa.tibia.com:7171" "Descubra"
[ 2022-10-28 15:38:28,088 ] Request connection to gameserver  "tcp://prod-lb-sa.tibia.com:7171" "Descubra"
[ 2022-10-28 15:38:28,130 ] Backup connection to gameserver  "tcp://prod-lb-sa.tibia.com:7171" "Descubra" established
[ 2022-10-28 15:38:32,635 ] BattlEye: "Server computed GUID: faf876b903ccb992d5735b0efe30b143"
[ 2022-10-28 15:38:55,890 ] Connection to gameserver  "tcp://prod-cf-sa.tibia.com:7171" "Descubra"  was disconnected ( "The remote host closed the connection" )
[ 2022-10-28 15:38:55,890 ] Connection to gameserver  "tcp://prod-lb-sa.tibia.com:7171" "Descubra"  was disconnected ( "The remote host closed the connection" )
[ 2022-10-28 15:38:55,946 ] Disconnected from gameserver
[ 2022-10-30 00:11:08,142 ] Using spritesheet cache size of 910
[ 2022-10-30 00:11:09,243 ] Asset loading complete
[ 2022-10-30 00:11:13,848 ] All sound assets loaded
[ 2022-10-30 00:11:54,281 ] BattlEye: "Initialized (v1.246)"
[ 2022-10-30 00:11:54,338 ] Request connection to gameserver  "tcp://prod-cf-sa.tibia.com:7171"  (unprotected:  "tcp://prod-lb-sa.tibia.com:7171" )  requested (Charakter "Mazgrim" )
[ 2022-10-30 00:11:54,338 ] Request connection to gameserver  "tcp://prod-cf-sa.tibia.com:7171" "Descubra"
[ 2022-10-30 00:11:54,347 ] Connected to gameserver  "tcp://prod-cf-sa.tibia.com:7171" "Descubra"
[ 2022-10-30 00:11:54,735 ] Request connection to gameserver  "tcp://prod-lb-sa.tibia.com:7171" "Descubra"
[ 2022-10-30 00:11:55,075 ] Backup connection to gameserver  "tcp://prod-lb-sa.tibia.com:7171" "Descubra" established
[ 2022-10-30 00:11:57,286 ] BattlEye: "Server computed GUID: faf876b903ccb992d5735b0efe30b143"
[ 2022-10-30 00:12:41,127 ] Connection to gameserver  "tcp://prod-cf-sa.tibia.com:7171" "Descubra"  was disconnected ( "The remote host closed the connection" )
[ 2022-10-30 00:12:41,127 ] Connection to gameserver  "tcp://prod-lb-sa.tibia.com:7171" "Descubra"  was disconnected ( "The remote host closed the connection" )
[ 2022-10-30 00:12:41,184 ] Disconnected from gameserver
[ 2022-11-01 19:56:46,552 ] Using spritesheet cache size of 910
[ 2022-11-01 19:56:47,588 ] Asset loading complete
[ 2022-11-01 19:56:53,724 ] All sound assets loaded
[ 2022-11-01 19:59:14,718 ] BattlEye: "Initialized (v1.246)"
[ 2022-11-01 19:59:14,782 ] Request connection to gameserver  "tcp://prod-cf-sa.tibia.com:7171"  (unprotected:  "tcp://prod-lb-sa.tibia.com:7171" )  requested (Charakter "Mazgrim" )
[ 2022-11-01 19:59:14,782 ] Request connection to gameserver  "tcp://prod-cf-sa.tibia.com:7171" "Descubra"
[ 2022-11-01 19:59:14,793 ] Connected to gameserver  "tcp://prod-cf-sa.tibia.com:7171" "Descubra"
[ 2022-11-01 19:59:15,111 ] Request connection to gameserver  "tcp://prod-lb-sa.tibia.com:7171" "Descubra"
[ 2022-11-01 19:59:15,627 ] Backup connection to gameserver  "tcp://prod-lb-sa.tibia.com:7171" "Descubra" established
[ 2022-11-01 19:59:18,715 ] BattlEye: "Server computed GUID: faf876b903ccb992d5735b0efe30b143"
[ 2022-11-01 20:08:59,540 ] Connection to gameserver  "tcp://prod-lb-sa.tibia.com:7171" "Descubra"  was disconnected ( "The remote host closed the connection" )
[ 2022-11-01 20:08:59,540 ] Connection to gameserver  "tcp://prod-cf-sa.tibia.com:7171" "Descubra"  was disconnected ( "The remote host closed the connection" )
[ 2022-11-01 20:08:59,596 ] Disconnected from gameserver
[ 2022-11-01 20:09:04,188 ] BattlEye: "Initialized (v1.246)"
[ 2022-11-01 20:09:04,243 ] Request connection to gameserver  "tcp://prod-cf-sa.tibia.com:7171"  (unprotected:  "tcp://prod-lb-sa.tibia.com:7171" )  requested (Charakter "Mino Sorcerer" )
[ 2022-11-01 20:09:04,243 ] Request connection to gameserver  "tcp://prod-cf-sa.tibia.com:7171" "Kalibra"
[ 2022-11-01 20:09:04,286 ] Connected to gameserver  "tcp://prod-cf-sa.tibia.com:7171" "Kalibra"
[ 2022-11-01 20:09:04,685 ] Request connection to gameserver  "tcp://prod-lb-sa.tibia.com:7171" "Kalibra"
[ 2022-11-01 20:09:04,708 ] Backup connection to gameserver  "tcp://prod-lb-sa.tibia.com:7171" "Kalibra" established
[ 2022-11-01 20:09:08,183 ] BattlEye: "Server computed GUID: 3a287421a9f6538df45b0f3e2069b222"
[ 2022-11-01 20:10:26,341 ] Connection to gameserver  "tcp://prod-lb-sa.tibia.com:7171" "Kalibra"  was disconnected ( "The remote host closed the connection" )
[ 2022-11-01 20:10:26,341 ] Connection to gameserver  "tcp://prod-cf-sa.tibia.com:7171" "Kalibra"  was disconnected ( "The remote host closed the connection" )
[ 2022-11-01 20:10:26,397 ] Disconnected from gameserver
[ 2022-11-01 20:10:30,901 ] BattlEye: "Initialized (v1.246)"
[ 2022-11-01 20:10:30,955 ] Request connection to gameserver  "tcp://prod-cf-sa.tibia.com:7171"  (unprotected:  "tcp://prod-lb-sa.tibia.com:7171" )  requested (Charakter "Smiilex" )
[ 2022-11-01 20:10:30,955 ] Request connection to gameserver  "tcp://prod-cf-sa.tibia.com:7171" "Ferobra"
[ 2022-11-01 20:10:30,965 ] Connected to gameserver  "tcp://prod-cf-sa.tibia.com:7171" "Ferobra"
[ 2022-11-01 20:10:31,366 ] Request connection to gameserver  "tcp://prod-lb-sa.tibia.com:7171" "Ferobra"
[ 2022-11-01 20:10:31,396 ] Backup connection to gameserver  "tcp://prod-lb-sa.tibia.com:7171" "Ferobra" established
[ 2022-11-01 20:10:34,908 ] BattlEye: "Server computed GUID: ad08a2731334c5b22a6666c28f4c85a6"
[ 2022-11-01 20:10:36,590 ] Connection to gameserver  "tcp://prod-cf-sa.tibia.com:7171" "Ferobra"  was disconnected ( "The remote host closed the connection" )
[ 2022-11-01 20:10:36,590 ] Connection to gameserver  "tcp://prod-lb-sa.tibia.com:7171" "Ferobra"  was disconnected ( "The remote host closed the connection" )
[ 2022-11-01 20:10:36,645 ] Disconnected from gameserver
[ 2022-11-01 20:10:45,684 ] BattlEye: "Initialized (v1.246)"
[ 2022-11-01 20:10:45,740 ] Request connection to gameserver  "tcp://prod-cf-eu.tibia.com:7171"  (unprotected:  "tcp://prod-lb-eu.tibia.com:7171" )  requested (Charakter "Knight Kurioss" )
[ 2022-11-01 20:10:45,740 ] Request connection to gameserver  "tcp://prod-cf-eu.tibia.com:7171" "Peloria"
[ 2022-11-01 20:10:45,752 ] Connected to gameserver  "tcp://prod-cf-eu.tibia.com:7171" "Peloria"
[ 2022-11-01 20:10:46,686 ] Request connection to gameserver  "tcp://prod-lb-eu.tibia.com:7171" "Peloria"
[ 2022-11-01 20:10:46,698 ] Didn't send news query with params ( 0 0 ) (URL: QUrl("https://www.tibia.com/clientservices/clientservices.php") ) due to too many retries.
[ 2022-11-01 20:10:46,932 ] Backup connection to gameserver  "tcp://prod-lb-eu.tibia.com:7171" "Peloria" established
[ 2022-11-01 20:10:49,688 ] BattlEye: "Server computed GUID: ac2bb9863eb8ec6a163b5fbfd4b0f05f"
[ 2022-11-01 20:10:58,990 ] Connection to gameserver  "tcp://prod-lb-eu.tibia.com:7171" "Peloria"  was disconnected ( "The remote host closed the connection" )
[ 2022-11-01 20:10:58,990 ] Connection to gameserver  "tcp://prod-cf-eu.tibia.com:7171" "Peloria"  was disconnected ( "The remote host closed the connection" )
[ 2022-11-01 20:10:59,051 ] Disconnected from gameserver
[ 2022-11-03 12:24:06,257 ] Using spritesheet cache size of 910
[ 2022-11-03 12:24:07,007 ] Asset loading complete
[ 2022-11-03 12:24:09,640 ] All sound assets loaded
[ 2022-11-03 12:26:07,500 ] BattlEye: "Initialized (v1.246)"
[ 2022-11-03 12:26:07,564 ] Request connection to gameserver  "tcp://prod-cf-sa.tibia.com:7171"  (unprotected:  "tcp://prod-lb-sa.tibia.com:7171" )  requested (Charakter "Mazgrim" )
[ 2022-11-03 12:26:07,564 ] Request connection to gameserver  "tcp://prod-cf-sa.tibia.com:7171" "Descubra"
[ 2022-11-03 12:26:07,575 ] Connected to gameserver  "tcp://prod-cf-sa.tibia.com:7171" "Descubra"
[ 2022-11-03 12:26:07,916 ] Request connection to gameserver  "tcp://prod-lb-sa.tibia.com:7171" "Descubra"
[ 2022-11-03 12:26:07,943 ] Backup connection to gameserver  "tcp://prod-lb-sa.tibia.com:7171" "Descubra" established
[ 2022-11-03 12:26:11,506 ] BattlEye: "Server computed GUID: faf876b903ccb992d5735b0efe30b143"
[ 2022-11-03 12:48:11,632 ] Connection to gameserver  "tcp://prod-cf-sa.tibia.com:7171" "Descubra"  was disconnected ( "The remote host closed the connection" )
[ 2022-11-03 12:48:11,632 ] Connection to gameserver  "tcp://prod-lb-sa.tibia.com:7171" "Descubra"  was disconnected ( "The remote host closed the connection" )
[ 2022-11-03 12:48:11,688 ] Disconnected from gameserver
[ 2022-11-07 14:31:50,841 ] Using spritesheet cache size of 910
[ 2022-11-07 14:31:51,491 ] All sound assets loaded
[ 2022-11-07 14:31:53,645 ] Asset loading complete
[ 2022-11-07 14:31:54,967 ] All sound assets loaded
[ 2022-11-10 21:44:37,155 ] Using spritesheet cache size of 910
[ 2022-11-10 21:44:38,420 ] Asset loading complete
[ 2022-11-10 21:44:40,606 ] All sound assets loaded
[ 2022-11-10 21:44:57,342 ] BattlEye: "Initialized (v1.246)"
[ 2022-11-10 21:44:57,438 ] Request connection to gameserver  "tcp://prod-cf-sa.tibia.com:7171"  (unprotected:  "tcp://prod-lb-sa.tibia.com:7171" )  requested (Charakter "Mazgrim" )
[ 2022-11-10 21:44:57,438 ] Request connection to gameserver  "tcp://prod-cf-sa.tibia.com:7171" "Descubra"
[ 2022-11-10 21:44:57,448 ] Connected to gameserver  "tcp://prod-cf-sa.tibia.com:7171" "Descubra"
[ 2022-11-10 21:44:57,855 ] Request connection to gameserver  "tcp://prod-lb-sa.tibia.com:7171" "Descubra"
[ 2022-11-10 21:44:57,877 ] Backup connection to gameserver  "tcp://prod-lb-sa.tibia.com:7171" "Descubra" established
[ 2022-11-10 21:45:01,392 ] BattlEye: "Server computed GUID: faf876b903ccb992d5735b0efe30b143"
[ 2022-11-11 10:16:56,314 ] Using spritesheet cache size of 910
[ 2022-11-11 10:16:56,880 ] Asset loading complete
[ 2022-11-11 10:16:59,074 ] All sound assets loaded
[ 2022-11-11 17:16:35,149 ] Using spritesheet cache size of 910
[ 2022-11-11 17:16:35,716 ] All sound assets loaded
[ 2022-11-11 17:16:35,716 ] All sound assets loaded
[ 2022-11-11 17:16:36,376 ] Asset loading complete
[ 2022-11-11 17:16:37,891 ] All sound assets loaded
[ 2022-11-11 17:20:24,682 ] Using spritesheet cache size of 910
[ 2022-11-11 17:20:25,219 ] Asset loading complete
[ 2022-11-11 17:20:27,093 ] All sound assets loaded
[ 2022-11-11 17:20:44,383 ] News query failed: "Unrecognized event news."
[ 2022-11-11 17:20:46,318 ] BattlEye: "Initialized (v1.246)"
[ 2022-11-11 17:20:46,318 ] BattlEye: "Restarting client is necessary, service isn't running properly"
[ 2022-11-11 17:20:46,318 ] BattlEye: "Restarting client is necessary, update required"
[ 2022-11-11 17:20:46,371 ] Request connection to gameserver  "tcp://80.94.90.38:7172"  (unprotected:  "tcp://80.94.90.38:7172" )  requested (Charakter "GOD Calmera" )
[ 2022-11-11 17:20:46,378 ] Request connection to gameserver  "tcp://80.94.90.38:7172" "Calmera-OT"
[ 2022-11-11 17:20:46,390 ] Connected to gameserver  "tcp://80.94.90.38:7172" "Calmera-OT"
[ 2022-11-11 17:20:46,472 ] Connection to gameserver  "tcp://80.94.90.38:7172" "Calmera-OT"  was disconnected ( "The remote host closed the connection" )
[ 2022-11-11 17:20:46,480 ] Disconnected from gameserver
[ 2022-11-11 17:20:47,444 ] News query failed: "Unrecognized event news."
[ 2022-11-11 17:20:49,240 ] News query failed: "Unrecognized event news."
[ 2022-11-11 17:22:00,396 ] Using spritesheet cache size of 910
[ 2022-11-11 17:22:00,983 ] Asset loading complete
[ 2022-11-11 17:22:02,782 ] All sound assets loaded
[ 2022-11-11 17:22:16,718 ] News query failed: "Unrecognized event news."
[ 2022-11-11 17:22:17,908 ] BattlEye: "Initialized (v1.246)"
[ 2022-11-11 17:22:17,908 ] BattlEye: "Restarting client is necessary, service isn't running properly"
[ 2022-11-11 17:22:17,908 ] BattlEye: "Restarting client is necessary, update required"
[ 2022-11-11 17:22:17,963 ] Request connection to gameserver  "tcp://80.94.90.79:7172"  (unprotected:  "tcp://80.94.90.79:7172" )  requested (Charakter "Black Belt" )
[ 2022-11-11 17:22:17,973 ] Request connection to gameserver  "tcp://80.94.90.79:7172" "Calmera-OT"
[ 2022-11-11 17:22:17,985 ] Connected to gameserver  "tcp://80.94.90.79:7172" "Calmera-OT"
[ 2022-11-11 17:22:19,013 ] News query failed: "Unrecognized event news."
[ 2022-11-11 17:23:50,035 ] Connection to gameserver  "tcp://80.94.90.79:7172" "Calmera-OT"  was disconnected ( "The remote host closed the connection" )
[ 2022-11-11 17:23:50,088 ] Disconnected from gameserver
[ 2022-11-11 17:23:50,372 ] News query failed: "Unrecognized event news."
[ 2022-11-11 17:23:54,718 ] Using spritesheet cache size of 910
[ 2022-11-11 17:23:55,222 ] Asset loading complete
[ 2022-11-11 17:23:57,052 ] All sound assets loaded
[ 2022-11-11 17:25:28,618 ] Using spritesheet cache size of 910
[ 2022-11-11 17:25:29,313 ] Asset loading complete
[ 2022-11-11 17:25:30,982 ] All sound assets loaded
[ 2022-11-11 17:25:44,024 ] News query failed: "Unrecognized event news."
[ 2022-11-11 17:25:46,416 ] BattlEye: "Initialized (v1.246)"
[ 2022-11-11 17:25:46,417 ] BattlEye: "Restarting client is necessary, service isn't running properly"
[ 2022-11-11 17:25:46,417 ] BattlEye: "Restarting client is necessary, update required"
[ 2022-11-11 17:25:46,469 ] Request connection to gameserver  "tcp://80.94.90.38:7172"  (unprotected:  "tcp://80.94.90.38:7172" )  requested (Charakter "Nows" )
[ 2022-11-11 17:25:46,476 ] Request connection to gameserver  "tcp://80.94.90.38:7172" "Calmera-OT"
[ 2022-11-11 17:25:46,486 ] Connected to gameserver  "tcp://80.94.90.38:7172" "Calmera-OT"
[ 2022-11-11 17:25:46,519 ] Connection to gameserver  "tcp://80.94.90.38:7172" "Calmera-OT"  was disconnected ( "The remote host closed the connection" )
[ 2022-11-11 17:25:46,526 ] Disconnected from gameserver
[ 2022-11-11 17:25:47,508 ] News query failed: "Unrecognized event news."
[ 2022-11-11 17:25:48,007 ] News query failed: "Unrecognized event news."
[ 2022-11-11 17:25:52,441 ] Using spritesheet cache size of 910
[ 2022-11-11 17:25:52,924 ] Asset loading complete
[ 2022-11-11 17:25:54,845 ] All sound assets loaded
[ 2022-11-11 17:28:26,247 ] Using spritesheet cache size of 910
[ 2022-11-11 17:28:26,794 ] Asset loading complete
[ 2022-11-11 17:28:28,607 ] All sound assets loaded
[ 2022-11-11 17:28:33,386 ] Using spritesheet cache size of 910
[ 2022-11-11 17:28:33,930 ] Asset loading complete
[ 2022-11-11 17:28:35,902 ] All sound assets loaded
[ 2022-11-11 17:29:00,218 ] Using spritesheet cache size of 910
[ 2022-11-11 17:29:00,721 ] Asset loading complete
[ 2022-11-11 17:29:02,610 ] All sound assets loaded
[ 2022-11-11 17:29:14,153 ] News query failed: "Unrecognized event news."
[ 2022-11-11 17:29:15,903 ] BattlEye: "Initialized (v1.246)"
[ 2022-11-11 17:29:15,903 ] BattlEye: "Restarting client is necessary, service isn't running properly"
[ 2022-11-11 17:29:15,903 ] BattlEye: "Restarting client is necessary, update required"
[ 2022-11-11 17:29:15,954 ] Request connection to gameserver  "tcp://80.94.90.79:7172"  (unprotected:  "tcp://80.94.90.79:7172" )  requested (Charakter "GOD Calmera" )
[ 2022-11-11 17:29:15,960 ] Request connection to gameserver  "tcp://80.94.90.79:7172" "Calmera-OT"
[ 2022-11-11 17:29:15,971 ] Connected to gameserver  "tcp://80.94.90.79:7172" "Calmera-OT"
[ 2022-11-11 17:29:17,002 ] News query failed: "Unrecognized event news."
[ 2022-11-11 18:30:28,814 ] Using spritesheet cache size of 910
[ 2022-11-11 18:30:29,272 ] All sound assets loaded
[ 2022-11-11 18:30:29,272 ] All sound assets loaded
[ 2022-11-11 18:30:30,117 ] Asset loading complete
[ 2022-11-11 18:30:31,333 ] All sound assets loaded
[ 2022-11-11 18:30:44,046 ] News query failed: "Unrecognized event news."
[ 2022-11-11 18:30:45,466 ] BattlEye: "Initialized (v1.246)"
[ 2022-11-11 18:30:45,466 ] BattlEye: "Restarting client is necessary, service isn't running properly"
[ 2022-11-11 18:30:45,466 ] BattlEye: "Restarting client is necessary, update required"
[ 2022-11-11 18:30:45,520 ] Request connection to gameserver  "tcp://80.94.90.79:7172"  (unprotected:  "tcp://80.94.90.79:7172" )  requested (Charakter "GOD Calmera" )
[ 2022-11-11 18:30:45,528 ] Request connection to gameserver  "tcp://80.94.90.79:7172" "Calmera-OT"
[ 2022-11-11 18:30:45,539 ] Connected to gameserver  "tcp://80.94.90.79:7172" "Calmera-OT"
[ 2022-11-11 18:30:46,561 ] News query failed: "Unrecognized event news."
[ 2022-11-11 18:31:00,482 ] Connection to gameserver  "tcp://80.94.90.79:7172" "Calmera-OT"  was disconnected ( "The remote host closed the connection" )
[ 2022-11-11 18:31:00,537 ] Disconnected from gameserver
[ 2022-11-11 18:31:00,831 ] News query failed: "Unrecognized event news."
[ 2022-11-11 18:31:01,618 ] Request connection to gameserver  "tcp://80.94.90.79:7172"  (unprotected:  "tcp://80.94.90.79:7172" )  requested (Charakter "Sarterion Kina" )
[ 2022-11-11 18:31:01,621 ] Request connection to gameserver  "tcp://80.94.90.79:7172" "Calmera-OT"
[ 2022-11-11 18:31:01,632 ] Connected to gameserver  "tcp://80.94.90.79:7172" "Calmera-OT"
[ 2022-11-11 18:31:02,587 ] Didn't send news query with params ( 0 0 ) (URL: QUrl("http://playtest.calmera.com.br/login.php") ) due to too many retries.
[ 2022-11-11 18:32:06,610 ] "updateOrCreateCreatureFromProtobuf: no creature with id 268435463 found"
[ 2022-11-11 18:37:31,831 ] Using spritesheet cache size of 910
[ 2022-11-11 18:37:32,821 ] Asset loading complete
[ 2022-11-11 18:37:34,332 ] All sound assets loaded
[ 2022-11-11 18:37:51,862 ] News query failed: "Unrecognized event news."
[ 2022-11-11 18:37:53,269 ] BattlEye: "Initialized (v1.246)"
[ 2022-11-11 18:37:53,269 ] BattlEye: "Restarting client is necessary, service isn't running properly"
[ 2022-11-11 18:37:53,269 ] BattlEye: "Restarting client is necessary, update required"
[ 2022-11-11 18:37:53,326 ] Request connection to gameserver  "tcp://80.94.90.38:7172"  (unprotected:  "tcp://80.94.90.38:7172" )  requested (Charakter "Black Belt" )
[ 2022-11-11 18:37:53,334 ] Request connection to gameserver  "tcp://80.94.90.38:7172" "Calmera-OT"
[ 2022-11-11 18:37:53,344 ] Connected to gameserver  "tcp://80.94.90.38:7172" "Calmera-OT"
[ 2022-11-11 18:37:53,394 ] Connection to gameserver  "tcp://80.94.90.38:7172" "Calmera-OT"  was disconnected ( "The remote host closed the connection" )
[ 2022-11-11 18:37:53,401 ] Disconnected from gameserver
[ 2022-11-11 18:37:54,362 ] News query failed: "Unrecognized event news."
[ 2022-11-11 18:37:54,633 ] News query failed: "Unrecognized event news."
[ 2022-11-11 18:37:55,148 ] Request connection to gameserver  "tcp://80.94.90.38:7172"  (unprotected:  "tcp://80.94.90.38:7172" )  requested (Charakter "Widix" )
[ 2022-11-11 18:37:55,151 ] Request connection to gameserver  "tcp://80.94.90.38:7172" "Calmera-OT"
[ 2022-11-11 18:37:55,162 ] Connected to gameserver  "tcp://80.94.90.38:7172" "Calmera-OT"
[ 2022-11-11 18:37:55,193 ] Connection to gameserver  "tcp://80.94.90.38:7172" "Calmera-OT"  was disconnected ( "The remote host closed the connection" )
[ 2022-11-11 18:37:55,201 ] Disconnected from gameserver
[ 2022-11-11 18:37:56,110 ] Didn't send news query with params ( 0 0 ) (URL: QUrl("http://play.calmera.com.br/login.php") ) due to too many retries.
[ 2022-11-11 18:37:56,190 ] Didn't send news query with params ( 0 0 ) (URL: QUrl("http://play.calmera.com.br/login.php") ) due to too many retries.
[ 2022-11-11 18:38:16,269 ] Using spritesheet cache size of 910
[ 2022-11-11 18:38:16,777 ] Asset loading complete
[ 2022-11-11 18:38:18,682 ] All sound assets loaded
[ 2022-11-11 18:38:21,726 ] Using spritesheet cache size of 910
[ 2022-11-11 18:38:22,280 ] Asset loading complete
[ 2022-11-11 18:38:24,012 ] All sound assets loaded
[ 2022-11-11 18:49:26,657 ] Using spritesheet cache size of 910
[ 2022-11-11 18:49:27,147 ] Asset loading complete
[ 2022-11-11 18:49:28,984 ] All sound assets loaded
[ 2022-11-11 19:31:37,516 ] Using spritesheet cache size of 910
[ 2022-11-11 19:31:38,164 ] Asset loading complete
[ 2022-11-11 19:31:40,000 ] All sound assets loaded
[ 2022-11-11 19:32:08,712 ] Using spritesheet cache size of 910
[ 2022-11-11 19:32:09,308 ] Asset loading complete
[ 2022-11-11 19:32:11,287 ] All sound assets loaded
[ 2022-11-11 19:32:42,685 ] Using spritesheet cache size of 910
[ 2022-11-11 19:32:43,257 ] Asset loading complete
[ 2022-11-11 19:32:45,129 ] All sound assets loaded
[ 2022-11-11 19:32:54,179 ] News query failed: "Unrecognized event news."
[ 2022-11-11 19:32:55,750 ] Request connection to gameserver  "tcp://80.94.90.79:7172"  (unprotected:  "tcp://80.94.90.79:7172" )  requested (Charakter "Black Belt" )
[ 2022-11-11 19:32:55,757 ] Request connection to gameserver  "tcp://80.94.90.79:7172" "Calmera-OT"
[ 2022-11-11 19:32:55,770 ] Connected to gameserver  "tcp://80.94.90.79:7172" "Calmera-OT"
[ 2022-11-11 19:32:56,795 ] News query failed: "Unrecognized event news."
[ 2022-11-11 19:36:17,847 ] Using spritesheet cache size of 910
[ 2022-11-11 19:36:18,420 ] Asset loading complete
[ 2022-11-11 19:36:20,245 ] All sound assets loaded
[ 2022-11-11 19:36:37,375 ] News query failed: "Unrecognized event news."
[ 2022-11-11 19:36:38,650 ] Request connection to gameserver  "tcp://80.94.90.79:7172"  (unprotected:  "tcp://80.94.90.79:7172" )  requested (Charakter "GOD Calmera" )
[ 2022-11-11 19:36:38,655 ] Request connection to gameserver  "tcp://80.94.90.79:7172" "Calmera-OT"
[ 2022-11-11 19:36:38,666 ] Connected to gameserver  "tcp://80.94.90.79:7172" "Calmera-OT"
[ 2022-11-11 19:36:39,700 ] News query failed: "Unrecognized event news."
[ 2022-11-11 20:00:17,579 ] Connection to gameserver  "tcp://80.94.90.79:7172" "Calmera-OT"  was disconnected ( "The remote host closed the connection" )
[ 2022-11-11 20:00:17,639 ] Disconnected from gameserver
[ 2022-11-11 20:00:17,757 ] News query failed: "Unrecognized event news."
[ 2022-11-11 20:00:22,011 ] Connection to gameserver  "tcp://80.94.90.79:7172" "Calmera-OT"  was disconnected ( "The remote host closed the connection" )
[ 2022-11-11 20:00:22,070 ] Disconnected from gameserver
[ 2022-11-11 20:00:22,186 ] News query failed: "Unrecognized event news."
[ 2022-11-11 20:00:24,192 ] Request connection to gameserver  "tcp://80.94.90.79:7172"  (unprotected:  "tcp://80.94.90.79:7172" )  requested (Charakter "Black Belt" )
[ 2022-11-11 20:00:24,197 ] Request connection to gameserver  "tcp://80.94.90.79:7172" "Calmera-OT"
[ 2022-11-11 20:00:24,211 ] Connected to gameserver  "tcp://80.94.90.79:7172" "Calmera-OT"
[ 2022-11-11 20:00:25,151 ] Didn't send news query with params ( 0 0 ) (URL: QUrl("http://playtest.calmera.com.br/login.php") ) due to too many retries.
[ 2022-11-11 20:00:58,310 ] Connection to gameserver  "tcp://80.94.90.79:7172" "Calmera-OT"  was disconnected ( "The remote host closed the connection" )
[ 2022-11-11 20:00:58,363 ] Disconnected from gameserver
[ 2022-11-11 20:00:58,394 ] Didn't send news query with params ( 0 0 ) (URL: QUrl("http://playtest.calmera.com.br/login.php") ) due to too many retries.
[ 2022-11-11 20:03:43,162 ] Using spritesheet cache size of 910
[ 2022-11-11 20:03:44,218 ] Asset loading complete
[ 2022-11-11 20:03:45,619 ] All sound assets loaded
[ 2022-11-11 20:03:55,055 ] News query failed: "Unrecognized event news."
[ 2022-11-11 20:03:56,784 ] Request connection to gameserver  "tcp://80.94.90.38:7172"  (unprotected:  "tcp://80.94.90.38:7172" )  requested (Charakter "Widix" )
[ 2022-11-11 20:03:56,785 ] Request connection to gameserver  "tcp://80.94.90.38:7172" "Calmera-OT"
[ 2022-11-11 20:03:56,796 ] Connected to gameserver  "tcp://80.94.90.38:7172" "Calmera-OT"
[ 2022-11-11 20:03:56,875 ] Connection to gameserver  "tcp://80.94.90.38:7172" "Calmera-OT"  was disconnected ( "The remote host closed the connection" )
[ 2022-11-11 20:03:56,882 ] Disconnected from gameserver
[ 2022-11-11 20:03:57,813 ] News query failed: "Unrecognized event news."
[ 2022-11-11 20:03:58,004 ] News query failed: "Unrecognized event news."
[ 2022-11-11 20:03:58,375 ] Request connection to gameserver  "tcp://80.94.90.38:7172"  (unprotected:  "tcp://80.94.90.38:7172" )  requested (Charakter "Nows" )
[ 2022-11-11 20:03:58,377 ] Request connection to gameserver  "tcp://80.94.90.38:7172" "Calmera-OT"
[ 2022-11-11 20:03:58,389 ] Connected to gameserver  "tcp://80.94.90.38:7172" "Calmera-OT"
[ 2022-11-11 20:03:58,424 ] Connection to gameserver  "tcp://80.94.90.38:7172" "Calmera-OT"  was disconnected ( "The remote host closed the connection" )
[ 2022-11-11 20:03:58,431 ] Disconnected from gameserver
[ 2022-11-11 20:03:58,785 ] Didn't send news query with params ( 0 0 ) (URL: QUrl("http://play.calmera.com.br/login.php") ) due to too many retries.
[ 2022-11-11 20:03:59,194 ] Request connection to gameserver  "tcp://80.94.90.38:7172"  (unprotected:  "tcp://80.94.90.38:7172" )  requested (Charakter "Black Belt" )
[ 2022-11-11 20:03:59,196 ] Request connection to gameserver  "tcp://80.94.90.38:7172" "Calmera-OT"
[ 2022-11-11 20:03:59,207 ] Connected to gameserver  "tcp://80.94.90.38:7172" "Calmera-OT"
[ 2022-11-11 20:03:59,274 ] Connection to gameserver  "tcp://80.94.90.38:7172" "Calmera-OT"  was disconnected ( "The remote host closed the connection" )
[ 2022-11-11 20:03:59,281 ] Disconnected from gameserver
[ 2022-11-11 20:03:59,642 ] Didn't send news query with params ( 0 0 ) (URL: QUrl("http://play.calmera.com.br/login.php") ) due to too many retries.
[ 2022-11-11 20:04:00,040 ] Request connection to gameserver  "tcp://80.94.90.38:7172"  (unprotected:  "tcp://80.94.90.38:7172" )  requested (Charakter "Black Belt" )
[ 2022-11-11 20:04:00,042 ] Request connection to gameserver  "tcp://80.94.90.38:7172" "Calmera-OT"
[ 2022-11-11 20:04:00,053 ] Connected to gameserver  "tcp://80.94.90.38:7172" "Calmera-OT"
[ 2022-11-11 20:04:00,124 ] Connection to gameserver  "tcp://80.94.90.38:7172" "Calmera-OT"  was disconnected ( "The remote host closed the connection" )
[ 2022-11-11 20:04:00,131 ] Disconnected from gameserver
[ 2022-11-11 20:04:00,195 ] Didn't send news query with params ( 0 0 ) (URL: QUrl("http://play.calmera.com.br/login.php") ) due to too many retries.
[ 2022-11-11 20:04:00,589 ] Request connection to gameserver  "tcp://80.94.90.38:7172"  (unprotected:  "tcp://80.94.90.38:7172" )  requested (Charakter "Black Belt" )
[ 2022-11-11 20:04:00,591 ] Request connection to gameserver  "tcp://80.94.90.38:7172" "Calmera-OT"
[ 2022-11-11 20:04:00,603 ] Connected to gameserver  "tcp://80.94.90.38:7172" "Calmera-OT"
[ 2022-11-11 20:04:00,674 ] Connection to gameserver  "tcp://80.94.90.38:7172" "Calmera-OT"  was disconnected ( "The remote host closed the connection" )
[ 2022-11-11 20:04:00,680 ] Disconnected from gameserver
[ 2022-11-11 20:04:00,976 ] Didn't send news query with params ( 0 0 ) (URL: QUrl("http://play.calmera.com.br/login.php") ) due to too many retries.
[ 2022-11-11 20:04:01,559 ] Didn't send news query with params ( 0 0 ) (URL: QUrl("http://play.calmera.com.br/login.php") ) due to too many retries.
[ 2022-11-12 15:49:29,623 ] Using spritesheet cache size of 910
[ 2022-11-12 15:49:30,159 ] Asset loading complete
[ 2022-11-12 15:49:32,246 ] All sound assets loaded
[ 2022-11-12 15:49:57,538 ] Using spritesheet cache size of 910
[ 2022-11-12 15:49:58,094 ] Asset loading complete
[ 2022-11-12 15:50:00,117 ] All sound assets loaded
[ 2022-11-29 12:18:45,973 ] Using spritesheet cache size of 910
[ 2022-11-29 12:18:47,248 ] Asset loading complete
[ 2022-11-29 12:18:49,274 ] All sound assets loaded
[ 2022-11-29 12:19:17,629 ] News query failed: "Unrecognized event news."
[ 2022-11-29 12:19:20,530 ] Request connection to gameserver  "tcp://80.94.90.38:7172"  (unprotected:  "tcp://80.94.90.38:7172" )  requested (Charakter "Hannibal" )
[ 2022-11-29 12:19:20,530 ] Request connection to gameserver  "tcp://80.94.90.38:7172" "Calmera-OT"
[ 2022-11-29 12:19:20,542 ] Connected to gameserver  "tcp://80.94.90.38:7172" "Calmera-OT"
[ 2022-11-29 12:19:20,620 ] Connection to gameserver  "tcp://80.94.90.38:7172" "Calmera-OT"  was disconnected ( "The remote host closed the connection" )
[ 2022-11-29 12:19:20,623 ] Disconnected from gameserver
[ 2022-11-29 12:19:21,579 ] News query failed: "Unrecognized event news."
[ 2022-11-29 12:19:21,645 ] News query failed: "Unrecognized event news."
[ 2022-11-29 12:19:22,489 ] Request connection to gameserver  "tcp://80.94.90.38:7172"  (unprotected:  "tcp://80.94.90.38:7172" )  requested (Charakter "Rafael Furioso" )
[ 2022-11-29 12:19:22,491 ] Request connection to gameserver  "tcp://80.94.90.38:7172" "Calmera-OT"
[ 2022-11-29 12:19:22,501 ] Connected to gameserver  "tcp://80.94.90.38:7172" "Calmera-OT"
[ 2022-11-29 12:19:23,451 ] Didn't send news query with params ( 0 0 ) (URL: QUrl("http://play.calmera.com.br/login.php") ) due to too many retries.
[ 2022-11-29 12:19:40,520 ] Connection to gameserver  "tcp://80.94.90.38:7172" "Calmera-OT"  was disconnected ( "The remote host closed the connection" )
[ 2022-11-29 12:19:40,571 ] Disconnected from gameserver
[ 2022-11-29 12:19:40,604 ] Didn't send news query with params ( 0 0 ) (URL: QUrl("http://play.calmera.com.br/login.php") ) due to too many retries.
[ 2022-11-29 12:20:06,588 ] Didn't send news query with params ( 0 0 ) (URL: QUrl("http://play.calmera.com.br/login.php") ) due to too many retries.
[ 2022-11-29 12:20:07,261 ] Request connection to gameserver  "tcp://80.94.90.38:7172"  (unprotected:  "tcp://80.94.90.38:7172" )  requested (Charakter "Hannibal" )
[ 2022-11-29 12:20:07,263 ] Request connection to gameserver  "tcp://80.94.90.38:7172" "Calmera-OT"
[ 2022-11-29 12:20:07,273 ] Connected to gameserver  "tcp://80.94.90.38:7172" "Calmera-OT"
[ 2022-11-29 12:20:07,320 ] Connection to gameserver  "tcp://80.94.90.38:7172" "Calmera-OT"  was disconnected ( "The remote host closed the connection" )
[ 2022-11-29 12:20:07,324 ] Disconnected from gameserver
[ 2022-11-29 12:20:07,974 ] Didn't send news query with params ( 0 0 ) (URL: QUrl("http://play.calmera.com.br/login.php") ) due to too many retries.
[ 2022-11-29 12:20:08,229 ] Didn't send news query with params ( 0 0 ) (URL: QUrl("http://play.calmera.com.br/login.php") ) due to too many retries.
[ 2022-11-29 12:20:08,668 ] Request connection to gameserver  "tcp://80.94.90.38:7172"  (unprotected:  "tcp://80.94.90.38:7172" )  requested (Charakter "Rafael Furioso" )
[ 2022-11-29 12:20:08,670 ] Request connection to gameserver  "tcp://80.94.90.38:7172" "Calmera-OT"
[ 2022-11-29 12:20:08,682 ] Connected to gameserver  "tcp://80.94.90.38:7172" "Calmera-OT"
[ 2022-11-29 12:20:09,639 ] Didn't send news query with params ( 0 0 ) (URL: QUrl("http://play.calmera.com.br/login.php") ) due to too many retries.
[ 2022-11-29 12:20:31,221 ] Connection to gameserver  "tcp://80.94.90.38:7172" "Calmera-OT"  was disconnected ( "The remote host closed the connection" )
[ 2022-11-29 12:20:31,273 ] Disconnected from gameserver
[ 2022-11-29 12:20:31,306 ] Didn't send news query with params ( 0 0 ) (URL: QUrl("http://play.calmera.com.br/login.php") ) due to too many retries.
[ 2022-11-29 12:20:38,672 ] Using spritesheet cache size of 910
[ 2022-11-29 12:20:39,511 ] Asset loading complete
[ 2022-11-29 12:20:41,112 ] All sound assets loaded
[ 2022-11-29 12:21:28,136 ] Using spritesheet cache size of 910
[ 2022-11-29 12:21:28,677 ] Asset loading complete
[ 2022-11-29 12:21:30,536 ] All sound assets loaded
[ 2022-11-29 16:33:09,828 ] Using spritesheet cache size of 910
[ 2022-11-29 16:33:10,369 ] Asset loading complete
[ 2022-11-29 16:33:11,933 ] All sound assets loaded
[ 2022-11-29 16:33:15,853 ] Using spritesheet cache size of 910
[ 2022-11-29 16:33:16,390 ] Asset loading complete
[ 2022-11-29 16:33:18,220 ] All sound assets loaded
